<?xml version="1.0" encoding="UTF-8"?>
<testng-results ignored="0" total="2" passed="2" failed="0" skipped="0">
  <reporter-output>
  </reporter-output>
  <suite started-at="2021-09-28T00:06:09Z" name="Default suite" finished-at="2021-09-28T00:06:18Z" duration-ms="9254">
    <groups>
    </groups>
    <test started-at="2021-09-28T00:06:09Z" name="Default test" finished-at="2021-09-28T00:06:18Z" duration-ms="9254">
      <class name="phptravels.Loginpage">
        <test-method is-config="true" signature="preconditions()[pri:0, instance:phptravels.Loginpage@795509d9]" started-at="2021-09-27T20:06:09Z" name="preconditions" finished-at="2021-09-27T20:06:11Z" duration-ms="2186" status="PASS">
          <reporter-output>
          </reporter-output>
        </test-method> <!-- preconditions -->
        <test-method signature="openurl()[pri:1, instance:phptravels.Loginpage@795509d9]" started-at="2021-09-27T20:06:11Z" name="openurl" finished-at="2021-09-27T20:06:15Z" duration-ms="3602" status="PASS">
          <reporter-output>
          </reporter-output>
        </test-method> <!-- openurl -->
        <test-method signature="login()[pri:2, instance:phptravels.Loginpage@795509d9]" started-at="2021-09-27T20:06:15Z" name="login" finished-at="2021-09-27T20:06:18Z" depends-on-methods="phptravels.Loginpage.openurl" duration-ms="3218" status="PASS">
          <reporter-output>
          </reporter-output>
        </test-method> <!-- login -->
        <test-method is-config="true" signature="postconditions()[pri:0, instance:phptravels.Loginpage@795509d9]" started-at="2021-09-27T20:06:18Z" name="postconditions" finished-at="2021-09-27T20:06:18Z" duration-ms="195" status="PASS">
          <reporter-output>
          </reporter-output>
        </test-method> <!-- postconditions -->
      </class> <!-- phptravels.Loginpage -->
    </test> <!-- Default test -->
  </suite> <!-- Default suite -->
</testng-results>
